<?xml version="1.0" encoding="utf-8"?><testsuites name="pytest tests"><testsuite name="pytest" errors="0" failures="0" skipped="0" tests="5" time="2.285" timestamp="2026-07-03T10:07:52.722563+00:00" hostname="agent-env-4b198e86-b1e1-49d7-b908-de03e93669e6"><testcase classname="tests.backend_test" name="test_health" time="0.350" /><testcase classname="tests.backend_test" name="test_create_lead_valid" time="0.418" /><testcase classname="tests.backend_test" name="test_list_leads_and_persistence" time="0.050" /><testcase classname="tests.backend_test" name="test_create_lead_invalid_email" time="0.051" /><testcase classname="tests.backend_test" name="test_create_lead_short_message" time="0.053" /></testsuite></testsuites>